\BOOKMARK [1][-]{section.1}{Introduction}{}% 1
\BOOKMARK [1][-]{section.2}{Background}{}% 2
<<<<<<< HEAD
\BOOKMARK [1][-]{section.3}{Front-end}{}% 3
\BOOKMARK [2][-]{subsection.3.1}{Login and Register Interface}{section.3}% 4
\BOOKMARK [2][-]{subsection.3.2}{Student Interface}{section.3}% 5
\BOOKMARK [2][-]{subsection.3.3}{Lecturer Interface}{section.3}% 6
\BOOKMARK [1][-]{section.4}{Back-end}{}% 7
\BOOKMARK [2][-]{subsection.4.1}{Sign up and Login}{section.4}% 8
\BOOKMARK [2][-]{subsection.4.2}{Courses}{section.4}% 9
\BOOKMARK [2][-]{subsection.4.3}{Lessons}{section.4}% 10
\BOOKMARK [2][-]{subsection.4.4}{Assessments}{section.4}% 11
\BOOKMARK [2][-]{subsection.4.5}{Grade-book}{section.4}% 12
\BOOKMARK [1][-]{section.5}{Database}{}% 13
\BOOKMARK [1][-]{section.6}{Conclusion}{}% 14
\BOOKMARK [2][-]{subsection.6.1}{Strenghts}{section.6}% 15
\BOOKMARK [2][-]{subsection.6.2}{Flaws}{section.6}% 16
\BOOKMARK [2][-]{subsection.6.3}{Improvements}{section.6}% 17
\BOOKMARK [2][-]{subsection.6.4}{Techniques Learned}{section.6}% 18
\BOOKMARK [1][-]{subsection.6.4}{References}{}% 19
=======
\BOOKMARK [1][-]{section.3}{Database}{}% 3
\BOOKMARK [1][-]{section.4}{Front-end}{}% 4
\BOOKMARK [2][-]{subsection.4.1}{Login and Register Interface}{section.4}% 5
\BOOKMARK [2][-]{subsection.4.2}{Lecturer Interface}{section.4}% 6
\BOOKMARK [2][-]{subsection.4.3}{Student Interface}{section.4}% 7
\BOOKMARK [1][-]{section.5}{Back-end}{}% 8
\BOOKMARK [1][-]{section.6}{Conclusion}{}% 9
\BOOKMARK [2][-]{subsection.6.1}{Strenghts}{section.6}% 10
\BOOKMARK [2][-]{subsection.6.2}{Flaws}{section.6}% 11
\BOOKMARK [2][-]{subsection.6.3}{Improvements}{section.6}% 12
\BOOKMARK [2][-]{subsection.6.4}{Techniques Learned}{section.6}% 13
\BOOKMARK [1][-]{subsection.6.4}{References}{}% 14
>>>>>>> d2e7d0809bda6cbe08980e1c87ca379bae648c1b
